"2018/11/19 10:12:02 UTC" 25 Started new run.
java.lang.Exception: Error processing server administrator list: java.lang.Exception: Invalid server administrator ID: "storage_type"
	at net.handle.server.HandleServer.<init>(HandleServer.java:430)
	at net.handle.server.AbstractServer.getInstance(AbstractServer.java:72)
	at net.handle.server.Main.initialize(Main.java:152)
	at net.handle.server.Main.main(Main.java:75)
Shutting down...
"2018/11/19 03:54:39 UTC" 25 Started new run.
java.lang.Exception: Error processing server administrator list: java.lang.Exception: Invalid server administrator ID: "storage_type"
	at net.handle.server.HandleServer.<init>(HandleServer.java:430)
	at net.handle.server.AbstractServer.getInstance(AbstractServer.java:72)
	at net.handle.server.Main.initialize(Main.java:152)
	at net.handle.server.Main.main(Main.java:75)
Shutting down...
"2018/11/19 03:58:16 UTC" 25 Started new run.
"2018/11/19 03:58:16 UTC" 50 unspecified max_handlers count, using default: 200
"2018/11/19 03:58:16 UTC" 50 unspecified max_handlers count, using default: 200
"2018/11/19 03:58:16 UTC" 50 unspecified max_handlers count, using default: 200
Saving global values to: /root/.handle/root_info
Saving global values to: /root/.handle/root_info
"2018/11/20 01:00:31 UTC" 75 class net.handle.server.HdlHttpRequestHandler: Exception processing request: HandleException (MESSAGE_FORMAT_ERROR) Unexpected end of headers
Saving global values to: /root/.handle/root_info
"2018/11/21 05:42:45 UTC" 75 class net.handle.server.HdlHttpRequestHandler: Exception processing request: HandleException (MESSAGE_FORMAT_ERROR) Unexpected end of headers
"2018/11/21 09:56:03 UTC" 75 class net.handle.server.HdlHttpRequestHandler: Exception processing request: HandleException (MESSAGE_FORMAT_ERROR) Unexpected end of headers
Saving global values to: /root/.handle/root_info
Saving global values to: /root/.handle/root_info
Saving global values to: /root/.handle/root_info
"2018/11/23 11:07:48 UTC" 75 class net.handle.server.HdlHttpRequestHandler: Exception processing request: java.net.SocketException: Connection reset
"2018/11/24 12:59:40 UTC" 75 class net.handle.server.HdlHttpRequestHandler: Exception processing request: HandleException (MESSAGE_FORMAT_ERROR) Unexpected end of headers
Saving global values to: /root/.handle/root_info
"2018/11/25 07:22:43 UTC" 75 class net.handle.server.HdlHttpRequestHandler: Exception processing request: java.net.SocketException: Connection reset
Saving global values to: /root/.handle/root_info
"2018/11/25 08:16:48 UTC" 75 class net.handle.server.HdlHttpRequestHandler: Exception processing request: HandleException (MESSAGE_FORMAT_ERROR) Unexpected end of headers
Saving global values to: /root/.handle/root_info
"2018/11/27 02:33:41 UTC" 75 class net.handle.server.HdlHttpRequestHandler: Exception processing request: HandleException (MESSAGE_FORMAT_ERROR) Unexpected end of headers
Saving global values to: /root/.handle/root_info
Saving global values to: /root/.handle/root_info
Saving global values to: /root/.handle/root_info
Saving global values to: /root/.handle/root_info
"2018/12/01 11:01:44 UTC" 75 class net.handle.server.HdlHttpRequestHandler: Exception processing request: java.net.SocketException: Connection reset
Saving global values to: /root/.handle/root_info
"2018/12/01 10:01:14 UTC" 75 class net.handle.server.HdlHttpRequestHandler: Exception processing request: HandleException (MESSAGE_FORMAT_ERROR) Unexpected end of headers
Saving global values to: /root/.handle/root_info
Saving global values to: /root/.handle/root_info
Saving global values to: /root/.handle/root_info
"2018/12/05 10:50:48 UTC" 75 class net.handle.server.HdlHttpRequestHandler: Exception processing request: java.net.SocketException: Connection reset
Saving global values to: /root/.handle/root_info
Saving global values to: /root/.handle/root_info
Saving global values to: /root/.handle/root_info
Saving global values to: /root/.handle/root_info
"2018/12/08 08:56:28 UTC" 75 class net.handle.server.HdlHttpRequestHandler: Exception processing request: java.net.SocketException: Connection reset
"2018/12/09 02:39:10 UTC" 75 class net.handle.server.HdlHttpRequestHandler: Exception processing request: HandleException (MESSAGE_FORMAT_ERROR) Unexpected end of headers
Saving global values to: /root/.handle/root_info
Saving global values to: /root/.handle/root_info
Saving global values to: /root/.handle/root_info
Saving global values to: /root/.handle/root_info
Saving global values to: /root/.handle/root_info
"2018/12/14 12:44:06 UTC" 75 class net.handle.server.HdlHttpRequestHandler: Exception processing request: HandleException (MESSAGE_FORMAT_ERROR) Unexpected end of headers
"2018/12/14 01:22:11 UTC" 75 class net.handle.server.HdlHttpRequestHandler: Exception processing request: java.net.SocketException: Connection reset
Saving global values to: /root/.handle/root_info
Saving global values to: /root/.handle/root_info
"2018/12/15 08:44:10 UTC" 75 class net.handle.server.HdlHttpRequestHandler: Exception processing request: HandleException (MESSAGE_FORMAT_ERROR) Unexpected end of headers
"2018/12/16 04:25:15 UTC" 75 class net.handle.server.HdlHttpRequestHandler: Exception processing request: java.net.SocketException: Connection reset
Saving global values to: /root/.handle/root_info
Saving global values to: /root/.handle/root_info
Saving global values to: /root/.handle/root_info
Saving global values to: /root/.handle/root_info
Saving global values to: /root/.handle/root_info
Saving global values to: /root/.handle/root_info
Saving global values to: /root/.handle/root_info
Saving global values to: /root/.handle/root_info
Saving global values to: /root/.handle/root_info
Saving global values to: /root/.handle/root_info
"2018/12/25 06:18:40 UTC" 75 class net.handle.server.HdlHttpRequestHandler: Exception processing request: java.net.SocketException: Connection reset
Saving global values to: /root/.handle/root_info
"2018/12/27 12:33:25 UTC" 75 class net.handle.server.HdlHttpRequestHandler: Exception processing request: java.net.SocketException: Connection reset
"2018/12/27 07:32:57 UTC" 75 class net.handle.server.HdlHttpRequestHandler: Exception processing request: HandleException (MESSAGE_FORMAT_ERROR) Unexpected end of headers
Saving global values to: /root/.handle/root_info
Saving global values to: /root/.handle/root_info
"2018/12/28 09:25:17 UTC" 75 class net.handle.server.HdlHttpRequestHandler: Exception processing request: HandleException (MESSAGE_FORMAT_ERROR) Unexpected end of headers
Saving global values to: /root/.handle/root_info
"2018/12/30 12:43:26 UTC" 75 class net.handle.server.HdlHttpRequestHandler: Exception processing request: java.net.SocketException: Connection reset
Saving global values to: /root/.handle/root_info
"2018/12/30 07:13:02 UTC" 75 class net.handle.server.HdlHttpRequestHandler: Exception processing request: HandleException (MESSAGE_FORMAT_ERROR) Unexpected end of headers
Saving global values to: /root/.handle/root_info
Saving global values to: /root/.handle/root_info
"2019/01/02 07:21:07 UTC" 75 class net.handle.server.HdlHttpRequestHandler: Exception processing request: HandleException (MESSAGE_FORMAT_ERROR) Unexpected end of headers
Saving global values to: /root/.handle/root_info
Saving global values to: /root/.handle/root_info
Saving global values to: /root/.handle/root_info
Saving global values to: /root/.handle/root_info
"2019/01/05 06:56:26 UTC" 75 class net.handle.server.HdlHttpRequestHandler: Exception processing request: HandleException (MESSAGE_FORMAT_ERROR) Unexpected end of headers
Saving global values to: /root/.handle/root_info
Saving global values to: /root/.handle/root_info
Saving global values to: /root/.handle/root_info
"2019/01/08 08:14:00 UTC" 75 class net.handle.server.HdlHttpRequestHandler: Exception processing request: HandleException (MESSAGE_FORMAT_ERROR) Unexpected end of headers
Saving global values to: /root/.handle/root_info
"2019/01/10 08:14:57 UTC" 75 class net.handle.server.HdlHttpRequestHandler: Exception processing request: HandleException (MESSAGE_FORMAT_ERROR) Unexpected end of headers
"2019/01/10 01:57:03 UTC" 75 class net.handle.server.HdlHttpRequestHandler: Exception processing request: java.net.SocketException: Connection reset
Saving global values to: /root/.handle/root_info
"2019/01/11 03:19:53 UTC" 75 class net.handle.server.HdlHttpRequestHandler: Exception processing request: java.net.SocketException: Connection reset
Saving global values to: /root/.handle/root_info
"2019/01/12 05:25:04 UTC" 75 class net.handle.server.HdlHttpRequestHandler: Exception processing request: HandleException (MESSAGE_FORMAT_ERROR) Unexpected end of headers
Saving global values to: /root/.handle/root_info
Saving global values to: /root/.handle/root_info
Saving global values to: /root/.handle/root_info
Saving global values to: /root/.handle/root_info
Saving global values to: /root/.handle/root_info
"2019/01/16 06:34:14 UTC" 75 class net.handle.server.HdlHttpRequestHandler: Exception processing request: HandleException (MESSAGE_FORMAT_ERROR) Unexpected end of headers
Saving global values to: /root/.handle/root_info
"2019/01/18 11:16:18 UTC" 75 class net.handle.server.HdlHttpRequestHandler: Exception processing request: HandleException (MESSAGE_FORMAT_ERROR) Unexpected end of headers
Saving global values to: /root/.handle/root_info
"2019/01/18 04:21:48 UTC" 75 class net.handle.server.HdlHttpRequestHandler: Exception processing request: java.net.SocketException: Connection reset
"2019/01/18 05:00:19 UTC" 75 class net.handle.server.HdlHttpRequestHandler: Exception processing request: java.net.SocketException: Connection reset
Saving global values to: /root/.handle/root_info
"2019/01/20 05:35:08 UTC" 75 class net.handle.server.HdlHttpRequestHandler: Exception processing request: HandleException (MESSAGE_FORMAT_ERROR) Unexpected end of headers
Saving global values to: /root/.handle/root_info
Saving global values to: /root/.handle/root_info
"2019/01/22 09:36:40 UTC" 75 class net.handle.server.HdlHttpRequestHandler: Exception processing request: HandleException (MESSAGE_FORMAT_ERROR) Unexpected end of headers
Saving global values to: /root/.handle/root_info
"2019/01/23 01:48:11 UTC" 75 class net.handle.server.HdlHttpRequestHandler: Exception processing request: java.net.SocketException: Connection reset
"2019/01/23 02:39:25 UTC" 75 class net.handle.server.HdlHttpRequestHandler: Exception processing request: java.net.SocketException: Connection reset
"2019/01/23 07:52:50 UTC" 75 class net.handle.server.HdlHttpRequestHandler: Exception processing request: java.net.SocketException: Connection reset
Saving global values to: /root/.handle/root_info
Saving global values to: /root/.handle/root_info
"2019/01/24 09:30:38 UTC" 75 class net.handle.server.HdlHttpRequestHandler: Exception processing request: java.net.SocketException: Connection reset
Saving global values to: /root/.handle/root_info
Saving global values to: /root/.handle/root_info
Saving global values to: /root/.handle/root_info
"2019/01/27 07:09:20 UTC" 75 class net.handle.server.HdlHttpRequestHandler: Exception processing request: java.net.SocketException: Connection reset
Saving global values to: /root/.handle/root_info
"2019/01/28 06:41:59 UTC" 75 class net.handle.server.HdlHttpRequestHandler: Exception processing request: HandleException (MESSAGE_FORMAT_ERROR) Unexpected end of headers
Saving global values to: /root/.handle/root_info
Saving global values to: /root/.handle/root_info
"2019/01/30 08:03:25 UTC" 75 class net.handle.server.HdlHttpRequestHandler: Exception processing request: java.net.SocketException: Connection reset
Saving global values to: /root/.handle/root_info
"2019/02/01 01:54:27 UTC" 75 class net.handle.server.HdlHttpRequestHandler: Exception processing request: java.net.SocketException: Connection reset
Saving global values to: /root/.handle/root_info
"2019/02/01 11:52:55 UTC" 75 class net.handle.server.HdlHttpRequestHandler: Exception processing request: java.net.SocketException: Connection reset
Saving global values to: /root/.handle/root_info
Saving global values to: /root/.handle/root_info
"2019/02/03 04:10:36 UTC" 75 class net.handle.server.HdlHttpRequestHandler: Exception processing request: HandleException (MESSAGE_FORMAT_ERROR) Unexpected end of headers
"2019/02/04 04:32:58 UTC" 75 class net.handle.server.HdlHttpRequestHandler: Exception processing request: HandleException (MESSAGE_FORMAT_ERROR) Unexpected end of headers
"2019/02/04 07:13:10 UTC" 75 class net.handle.server.HdlHttpRequestHandler: Exception processing request: HandleException (MESSAGE_FORMAT_ERROR) Unexpected end of headers
"2019/02/04 07:40:16 UTC" 75 class net.handle.server.HdlHttpRequestHandler: Exception processing request: java.net.SocketException: Connection reset
"2019/02/04 07:40:31 UTC" 75 class net.handle.server.HdlHttpRequestHandler: Exception processing request: java.net.SocketException: Connection reset
Saving global values to: /root/.handle/root_info
"2019/02/04 09:34:18 UTC" 75 class net.handle.server.HdlHttpRequestHandler: Exception processing request: java.net.SocketException: Connection reset
Saving global values to: /root/.handle/root_info
"2019/02/05 09:11:35 UTC" 75 class net.handle.server.HdlHttpRequestHandler: Exception processing request: java.net.SocketException: Connection reset
"2019/02/05 09:11:50 UTC" 75 class net.handle.server.HdlHttpRequestHandler: Exception processing request: java.net.SocketException: Connection reset
"2019/02/06 06:49:13 UTC" 75 class net.handle.server.HdlHttpRequestHandler: Exception processing request: java.net.SocketException: Connection reset
Saving global values to: /root/.handle/root_info
Saving global values to: /root/.handle/root_info
Saving global values to: /root/.handle/root_info
Saving global values to: /root/.handle/root_info
Saving global values to: /root/.handle/root_info
"2019/02/10 06:48:47 UTC" 75 class net.handle.server.HdlHttpRequestHandler: Exception processing request: java.net.SocketException: Connection reset
"2019/02/11 02:17:11 UTC" 75 class net.handle.server.HdlHttpRequestHandler: Exception processing request: HandleException (MESSAGE_FORMAT_ERROR) Unexpected end of headers
Saving global values to: /root/.handle/root_info
Saving global values to: /root/.handle/root_info
"2019/02/13 02:04:29 UTC" 75 class net.handle.server.HdlHttpRequestHandler: Exception processing request: HandleException (MESSAGE_FORMAT_ERROR) Unexpected end of headers
"2019/02/13 02:44:54 UTC" 75 class net.handle.server.HdlHttpRequestHandler: Exception processing request: java.net.SocketException: Connection reset
"2019/02/13 02:45:09 UTC" 75 class net.handle.server.HdlHttpRequestHandler: Exception processing request: java.net.SocketException: Connection reset
Saving global values to: /root/.handle/root_info
Saving global values to: /root/.handle/root_info
"2019/02/14 08:44:48 UTC" 75 class net.handle.server.HdlHttpRequestHandler: Exception processing request: java.net.SocketException: Connection reset
Saving global values to: /root/.handle/root_info
"2019/02/15 05:25:25 UTC" 75 class net.handle.server.HdlHttpRequestHandler: Exception processing request: java.net.SocketException: Connection reset
"2019/02/16 01:38:43 UTC" 75 class net.handle.server.HdlHttpRequestHandler: Exception processing request: java.net.SocketException: Connection reset
Saving global values to: /root/.handle/root_info
"2019/02/17 07:47:49 UTC" 75 class net.handle.server.HdlHttpRequestHandler: Exception processing request: HandleException (MESSAGE_FORMAT_ERROR) Unexpected end of headers
"2019/02/17 03:05:39 UTC" 75 class net.handle.server.HdlHttpRequestHandler: Exception processing request: java.net.SocketException: Connection reset
Saving global values to: /root/.handle/root_info
Saving global values to: /root/.handle/root_info
"2019/02/19 06:21:09 UTC" 75 class net.handle.server.HdlHttpRequestHandler: Exception processing request: HandleException (MESSAGE_FORMAT_ERROR) Unexpected end of headers
"2019/02/19 02:38:43 UTC" 75 class net.handle.server.HdlHttpRequestHandler: Exception processing request: HandleException (MESSAGE_FORMAT_ERROR) Unexpected end of headers
Saving global values to: /root/.handle/root_info
Saving global values to: /root/.handle/root_info
"2019/02/20 09:55:07 UTC" 75 class net.handle.server.HdlHttpRequestHandler: Exception processing request: HandleException (MESSAGE_FORMAT_ERROR) Unexpected end of headers
Saving global values to: /root/.handle/root_info
Saving global values to: /root/.handle/root_info
Saving global values to: /root/.handle/root_info
Saving global values to: /root/.handle/root_info
"2019/02/25 07:14:10 UTC" 75 class net.handle.server.HdlHttpRequestHandler: Exception processing request: HandleException (MESSAGE_FORMAT_ERROR) Unexpected end of headers
"2019/02/25 11:33:39 UTC" 75 class net.handle.server.HdlHttpRequestHandler: Exception processing request: java.net.SocketException: Connection reset
"2019/02/25 01:41:56 UTC" 75 class net.handle.server.HdlHttpRequestHandler: Exception processing request: HandleException (MESSAGE_FORMAT_ERROR) Unexpected end of headers
"2019/02/25 02:56:29 UTC" 75 class net.handle.server.HdlHttpRequestHandler: Exception processing request: HandleException (MESSAGE_FORMAT_ERROR) Unexpected end of headers
Saving global values to: /root/.handle/root_info
"2019/02/26 01:47:24 UTC" 75 class net.handle.server.HdlHttpRequestHandler: Exception processing request: java.net.SocketException: Connection reset
Saving global values to: /root/.handle/root_info
Saving global values to: /root/.handle/root_info
"2019/02/28 02:24:58 UTC" 75 class net.handle.server.HdlHttpRequestHandler: Exception processing request: HandleException (MESSAGE_FORMAT_ERROR) Unexpected end of headers
"2019/02/28 02:25:18 UTC" 75 class net.handle.server.HdlHttpRequestHandler: Exception processing request: HandleException (MESSAGE_FORMAT_ERROR) Unexpected end of headers
"2019/02/28 02:25:28 UTC" 75 class net.handle.server.HdlHttpRequestHandler: Exception processing request: HandleException (MESSAGE_FORMAT_ERROR) Unexpected end of headers
"2019/02/28 02:25:38 UTC" 75 class net.handle.server.HdlHttpRequestHandler: Exception processing request: HandleException (MESSAGE_FORMAT_ERROR) Unexpected end of headers
"2019/02/28 02:26:05 UTC" 75 class net.handle.server.HdlHttpRequestHandler: Exception processing request: HandleException (MESSAGE_FORMAT_ERROR) Unexpected end of headers
Saving global values to: /root/.handle/root_info
Saving global values to: /root/.handle/root_info
"2019/03/01 10:48:00 UTC" 75 class net.handle.server.HdlHttpRequestHandler: Exception processing request: HandleException (MESSAGE_FORMAT_ERROR) Unexpected end of headers
"2019/03/02 09:12:19 UTC" 75 class net.handle.server.HdlHttpRequestHandler: Exception processing request: HandleException (MESSAGE_FORMAT_ERROR) Unexpected end of headers
"2019/03/02 10:58:37 UTC" 75 class net.handle.server.HdlHttpRequestHandler: Exception processing request: java.net.SocketException: Connection reset
Saving global values to: /root/.handle/root_info
"2019/03/03 02:31:49 UTC" 75 class net.handle.server.HdlHttpRequestHandler: Exception processing request: java.net.SocketException: Connection reset
Saving global values to: /root/.handle/root_info
Saving global values to: /root/.handle/root_info
Saving global values to: /root/.handle/root_info
Saving global values to: /root/.handle/root_info
Saving global values to: /root/.handle/root_info
"2019/03/08 07:58:05 UTC" 75 class net.handle.server.HdlHttpRequestHandler: Exception processing request: java.net.SocketException: Connection reset
Saving global values to: /root/.handle/root_info
"2019/03/09 08:59:03 UTC" 75 class net.handle.server.HdlHttpRequestHandler: Exception processing request: java.net.SocketException: Connection reset
"2019/03/09 09:17:52 UTC" 75 class net.handle.server.HdlHttpRequestHandler: Exception processing request: java.net.SocketException: Connection reset
Saving global values to: /root/.handle/root_info
"2019/03/10 11:10:00 UTC" 75 class net.handle.server.HdlHttpRequestHandler: Exception processing request: java.net.SocketException: Connection reset
"2019/03/10 11:36:05 UTC" 75 class net.handle.server.HdlHttpRequestHandler: Exception processing request: java.net.SocketException: Connection reset
"2019/03/10 12:40:07 UTC" 75 class net.handle.server.HdlHttpRequestHandler: Exception processing request: HandleException (MESSAGE_FORMAT_ERROR) Unexpected end of headers
Saving global values to: /root/.handle/root_info
"2019/03/10 09:12:49 UTC" 75 class net.handle.server.HdlHttpRequestHandler: Exception processing request: HandleException (MESSAGE_FORMAT_ERROR) Unexpected end of headers
"2019/03/10 10:14:49 UTC" 75 class net.handle.server.HdlHttpRequestHandler: Exception processing request: HandleException (MESSAGE_FORMAT_ERROR) Unexpected end of headers
"2019/03/10 11:08:57 UTC" 75 class net.handle.server.HdlHttpRequestHandler: Exception processing request: HandleException (MESSAGE_FORMAT_ERROR) Unexpected end of headers
"2019/03/11 02:02:12 UTC" 75 class net.handle.server.HdlHttpRequestHandler: Exception processing request: HandleException (MESSAGE_FORMAT_ERROR) Unexpected end of headers
"2019/03/11 08:33:36 UTC" 75 class net.handle.server.HdlHttpRequestHandler: Exception processing request: java.net.SocketException: Connection reset
"2019/03/11 02:56:15 UTC" 75 class net.handle.server.HdlHttpRequestHandler: Exception processing request: java.net.SocketException: Connection reset
Saving global values to: /root/.handle/root_info
"2019/03/11 04:08:33 UTC" 75 class net.handle.server.HdlHttpRequestHandler: Exception processing request: HandleException (MESSAGE_FORMAT_ERROR) Unexpected end of headers
Saving global values to: /root/.handle/root_info
"2019/03/13 03:07:41 UTC" 75 class net.handle.server.HdlHttpRequestHandler: Exception processing request: HandleException (MESSAGE_FORMAT_ERROR) Unexpected end of headers
Saving global values to: /root/.handle/root_info
"2019/03/13 08:08:22 UTC" 75 class net.handle.server.HdlHttpRequestHandler: Exception processing request: HandleException (MESSAGE_FORMAT_ERROR) Unexpected end of headers
"2019/03/13 08:52:01 UTC" 75 class net.handle.server.HdlHttpRequestHandler: Exception processing request: java.net.SocketException: Connection reset
"2019/03/14 02:21:37 UTC" 75 class net.handle.server.HdlHttpRequestHandler: Exception processing request: java.net.SocketException: Connection reset
"2019/03/14 12:45:43 UTC" 75 class net.handle.server.HdlHttpRequestHandler: Exception processing request: HandleException (MESSAGE_FORMAT_ERROR) Unexpected end of headers
"2019/03/14 01:45:42 UTC" 75 class net.handle.server.HdlHttpRequestHandler: Exception processing request: HandleException (MESSAGE_FORMAT_ERROR) Unexpected end of headers
Saving global values to: /root/.handle/root_info
"2019/03/14 09:33:13 UTC" 75 class net.handle.server.HdlHttpRequestHandler: Exception processing request: HandleException (MESSAGE_FORMAT_ERROR) Unexpected end of headers
Saving global values to: /root/.handle/root_info
"2019/03/15 06:13:45 UTC" 75 class net.handle.server.HdlHttpRequestHandler: Exception processing request: java.net.SocketException: Connection reset
Saving global values to: /root/.handle/root_info
"2019/03/17 08:49:11 UTC" 75 class net.handle.server.HdlHttpRequestHandler: Exception processing request: java.net.SocketException: Connection reset
Saving global values to: /root/.handle/root_info
"2019/03/18 08:06:30 UTC" 75 class net.handle.server.HdlHttpRequestHandler: Exception processing request: java.net.SocketException: Connection reset
Saving global values to: /root/.handle/root_info
Saving global values to: /root/.handle/root_info
"2019/03/20 12:03:04 UTC" 75 class net.handle.server.HdlHttpRequestHandler: Exception processing request: java.net.SocketException: Connection reset
Saving global values to: /root/.handle/root_info
Saving global values to: /root/.handle/root_info
Saving global values to: /root/.handle/root_info
"2019/03/23 10:50:00 UTC" 75 class net.handle.server.HdlHttpRequestHandler: Exception processing request: java.net.SocketException: Connection reset
Saving global values to: /root/.handle/root_info
Saving global values to: /root/.handle/root_info
Saving global values to: /root/.handle/root_info
"2019/03/25 08:04:45 UTC" 75 class net.handle.server.HdlHttpRequestHandler: Exception processing request: HandleException (MESSAGE_FORMAT_ERROR) Unexpected end of headers
"2019/03/25 08:05:22 UTC" 75 class net.handle.server.HdlHttpRequestHandler: Exception processing request: HandleException (MESSAGE_FORMAT_ERROR) Unexpected end of headers
"2019/03/25 11:08:38 UTC" 75 class net.handle.server.HdlHttpRequestHandler: Exception processing request: HandleException (MESSAGE_FORMAT_ERROR) Unexpected end of headers
Saving global values to: /root/.handle/root_info
"2019/03/26 09:52:06 UTC" 75 class net.handle.server.HdlHttpRequestHandler: Exception processing request: HandleException (MESSAGE_FORMAT_ERROR) Unexpected end of headers
Saving global values to: /root/.handle/root_info
"2019/03/28 04:03:52 UTC" 75 class net.handle.server.HdlHttpRequestHandler: Exception processing request: java.net.SocketException: Connection reset
"2019/03/28 12:43:02 UTC" 75 class net.handle.server.HdlHttpRequestHandler: Exception processing request: java.net.SocketException: Connection reset
Saving global values to: /root/.handle/root_info
"2019/03/29 02:12:01 UTC" 75 class net.handle.server.HdlHttpRequestHandler: Exception processing request: java.net.SocketException: Connection reset
Saving global values to: /root/.handle/root_info
"2019/03/30 10:04:44 UTC" 75 class net.handle.server.HdlHttpRequestHandler: Exception processing request: java.net.SocketException: Connection reset
Saving global values to: /root/.handle/root_info
Saving global values to: /root/.handle/root_info
Saving global values to: /root/.handle/root_info
"2019/04/02 02:34:27 UTC" 75 class net.handle.server.HdlHttpRequestHandler: Exception processing request: java.net.SocketException: Connection reset
Saving global values to: /root/.handle/root_info
"2019/04/03 08:39:59 UTC" 75 class net.handle.server.HdlHttpRequestHandler: Exception processing request: java.net.SocketException: Connection reset
Saving global values to: /root/.handle/root_info
"2019/04/03 04:03:02 UTC" 75 class net.handle.server.HdlHttpRequestHandler: Exception processing request: java.net.SocketException: Connection reset
"2019/04/03 04:03:14 UTC" 75 class net.handle.server.HdlHttpRequestHandler: Exception processing request: java.net.SocketException: Connection reset
Saving global values to: /root/.handle/root_info
"2019/04/04 11:11:30 UTC" 75 class net.handle.server.HdlHttpRequestHandler: Exception processing request: java.net.SocketException: Connection reset
"2019/04/05 01:11:54 UTC" 75 class net.handle.server.HdlHttpRequestHandler: Exception processing request: java.net.SocketException: Connection reset
"2019/04/05 01:25:18 UTC" 75 class net.handle.server.HdlHttpRequestHandler: Exception processing request: HandleException (MESSAGE_FORMAT_ERROR) Unexpected end of headers
Saving global values to: /root/.handle/root_info
"2019/04/05 07:05:01 UTC" 75 class net.handle.server.HdlHttpRequestHandler: Exception processing request: java.net.SocketException: Connection reset
"2019/04/05 07:05:16 UTC" 75 class net.handle.server.HdlHttpRequestHandler: Exception processing request: java.net.SocketException: Connection reset
"2019/04/06 03:59:29 UTC" 75 class net.handle.server.HdlHttpRequestHandler: Exception processing request: HandleException (MESSAGE_FORMAT_ERROR) Unexpected end of headers
"2019/04/06 09:48:09 UTC" 75 class net.handle.server.HdlHttpRequestHandler: Exception processing request: java.net.SocketException: Connection reset
Saving global values to: /root/.handle/root_info
"2019/04/07 03:14:00 UTC" 75 class net.handle.server.HdlHttpRequestHandler: Exception processing request: java.net.SocketException: Connection reset
"2019/04/07 03:14:15 UTC" 75 class net.handle.server.HdlHttpRequestHandler: Exception processing request: java.net.SocketException: Connection reset
Saving global values to: /root/.handle/root_info
Saving global values to: /root/.handle/root_info
"2019/04/08 09:38:39 UTC" 75 class net.handle.server.HdlHttpRequestHandler: Exception processing request: java.net.SocketException: Connection reset
"2019/04/08 09:39:07 UTC" 75 class net.handle.server.HdlHttpRequestHandler: Exception processing request: java.net.SocketException: Connection reset
Saving global values to: /root/.handle/root_info
Saving global values to: /root/.handle/root_info
"2019/04/10 07:36:59 UTC" 75 class net.handle.server.HdlHttpRequestHandler: Exception processing request: HandleException (MESSAGE_FORMAT_ERROR) Unexpected end of headers
"2019/04/11 01:40:40 UTC" 75 class net.handle.server.HdlHttpRequestHandler: Exception processing request: java.net.SocketException: Connection reset
Saving global values to: /root/.handle/root_info
Saving global values to: /root/.handle/root_info
"2019/04/13 07:55:37 UTC" 75 class net.handle.server.HdlHttpRequestHandler: Exception processing request: java.net.SocketException: Connection reset
Saving global values to: /root/.handle/root_info
Saving global values to: /root/.handle/root_info
"2019/04/15 11:55:11 UTC" 75 class net.handle.server.HdlHttpRequestHandler: Exception processing request: java.net.SocketException: Connection reset
Saving global values to: /root/.handle/root_info
"2019/04/16 04:46:57 UTC" 75 class net.handle.server.HdlHttpRequestHandler: Exception processing request: HandleException (MESSAGE_FORMAT_ERROR) Unexpected end of headers
"2019/04/16 10:55:25 UTC" 75 class net.handle.server.HdlHttpRequestHandler: Exception processing request: HandleException (MESSAGE_FORMAT_ERROR) Unexpected end of headers
Saving global values to: /root/.handle/root_info
"2019/04/16 08:35:20 UTC" 75 class net.handle.server.HdlHttpRequestHandler: Exception processing request: java.net.SocketException: Connection reset
"2019/04/17 01:39:16 UTC" 75 class net.handle.server.HdlHttpRequestHandler: Exception processing request: java.net.SocketException: Connection reset
"2019/04/17 10:43:16 UTC" 75 class net.handle.server.HdlHttpRequestHandler: Exception processing request: java.net.SocketException: Connection reset
Saving global values to: /root/.handle/root_info
Saving global values to: /root/.handle/root_info
Saving global values to: /root/.handle/root_info
Saving global values to: /root/.handle/root_info
"2019/04/20 05:28:07 UTC" 75 class net.handle.server.HdlHttpRequestHandler: Exception processing request: java.net.SocketException: Connection reset
"2019/04/20 05:28:22 UTC" 75 class net.handle.server.HdlHttpRequestHandler: Exception processing request: java.net.SocketException: Connection reset
Saving global values to: /root/.handle/root_info
Saving global values to: /root/.handle/root_info
"2019/04/23 12:43:31 UTC" 75 class net.handle.server.HdlHttpRequestHandler: Exception processing request: java.net.SocketException: Connection reset
"2019/04/23 12:43:46 UTC" 75 class net.handle.server.HdlHttpRequestHandler: Exception processing request: java.net.SocketException: Connection reset
Saving global values to: /root/.handle/root_info
"2019/04/23 05:52:30 UTC" 75 class net.handle.server.HdlHttpRequestHandler: Exception processing request: java.net.SocketException: Connection reset
unknown uri delimiter: ^
unknown uri delimiter: ^
"2019/04/23 09:27:48 UTC" 75 class net.handle.server.HdlHttpRequestHandler: Exception processing request: java.net.SocketException: Connection reset
"2019/04/23 09:28:03 UTC" 75 class net.handle.server.HdlHttpRequestHandler: Exception processing request: java.net.SocketException: Connection reset
"2019/04/24 04:45:22 UTC" 75 class net.handle.server.HdlHttpRequestHandler: Exception processing request: HandleException (MESSAGE_FORMAT_ERROR) Unexpected end of headers
"2019/04/24 09:27:12 UTC" 75 class net.handle.server.HdlHttpRequestHandler: Exception processing request: java.net.SocketException: Connection reset
Saving global values to: /root/.handle/root_info
"2019/04/25 09:10:10 UTC" 75 class net.handle.server.HdlHttpRequestHandler: Exception processing request: java.net.SocketException: Connection reset
"2019/04/25 09:47:01 UTC" 75 class net.handle.server.HdlHttpRequestHandler: Exception processing request: java.net.SocketException: Connection reset
Saving global values to: /root/.handle/root_info
"2019/04/25 07:28:34 UTC" 75 class net.handle.server.HdlHttpRequestHandler: Exception processing request: java.net.SocketException: Connection reset
Saving global values to: /root/.handle/root_info
Saving global values to: /root/.handle/root_info
Saving global values to: /root/.handle/root_info
Saving global values to: /root/.handle/root_info
"2019/04/30 02:06:20 UTC" 75 class net.handle.server.HdlHttpRequestHandler: Exception processing request: HandleException (MESSAGE_FORMAT_ERROR) Unexpected end of headers
"2019/04/30 11:02:28 UTC" 75 class net.handle.server.HdlHttpRequestHandler: Exception processing request: java.net.SocketException: Connection reset
"2019/04/30 02:57:35 UTC" 75 class net.handle.server.HdlHttpRequestHandler: Exception processing request: HandleException (MESSAGE_FORMAT_ERROR) Unexpected end of headers
Saving global values to: /root/.handle/root_info
"2019/05/01 12:30:02 UTC" 75 class net.handle.server.HdlHttpRequestHandler: Exception processing request: java.net.SocketException: Connection reset
"2019/05/01 12:30:17 UTC" 75 class net.handle.server.HdlHttpRequestHandler: Exception processing request: java.net.SocketException: Connection reset
"2019/05/01 03:24:08 UTC" 75 class net.handle.server.HdlHttpRequestHandler: Exception processing request: HandleException (MESSAGE_FORMAT_ERROR) Unexpected end of headers
Saving global values to: /root/.handle/root_info
"2019/05/02 03:06:46 UTC" 75 class net.handle.server.HdlHttpRequestHandler: Exception processing request: HandleException (MESSAGE_FORMAT_ERROR) Unexpected end of headers
"2019/05/02 03:07:46 UTC" 75 class net.handle.server.HdlHttpRequestHandler: Exception processing request: HandleException (MESSAGE_FORMAT_ERROR) Unexpected end of headers
Saving global values to: /root/.handle/root_info
"2019/05/02 08:48:57 UTC" 75 class net.handle.server.HdlHttpRequestHandler: Exception processing request: java.net.SocketException: Connection reset
Saving global values to: /root/.handle/root_info
"2019/05/03 10:00:06 UTC" 75 class net.handle.server.HdlHttpRequestHandler: Exception processing request: java.net.SocketException: Connection reset
Saving global values to: /root/.handle/root_info
Saving global values to: /root/.handle/root_info
"2019/05/05 10:26:53 UTC" 75 class net.handle.server.HdlHttpRequestHandler: Exception processing request: java.net.SocketException: Connection reset
"2019/05/06 01:48:00 UTC" 75 class net.handle.server.HdlHttpRequestHandler: Exception processing request: HandleException (MESSAGE_FORMAT_ERROR) Unexpected end of headers
Saving global values to: /root/.handle/root_info
Saving global values to: /root/.handle/root_info
"2019/05/07 06:56:10 UTC" 75 class net.handle.server.HdlHttpRequestHandler: Exception processing request: java.net.SocketException: Connection reset
"2019/05/08 09:53:22 UTC" 75 class net.handle.server.HdlHttpRequestHandler: Exception processing request: HandleException (MESSAGE_FORMAT_ERROR) Unexpected end of headers
Saving global values to: /root/.handle/root_info
"2019/05/09 12:34:19 UTC" 75 class net.handle.server.HdlHttpRequestHandler: Exception processing request: java.net.SocketException: Connection reset
Saving global values to: /root/.handle/root_info
Saving global values to: /root/.handle/root_info
Saving global values to: /root/.handle/root_info
"2019/05/12 03:09:56 UTC" 75 class net.handle.server.HdlHttpRequestHandler: Exception processing request: java.net.SocketException: Connection reset
Saving global values to: /root/.handle/root_info
Saving global values to: /root/.handle/root_info
Saving global values to: /root/.handle/root_info
Saving global values to: /root/.handle/root_info
Saving global values to: /root/.handle/root_info
Saving global values to: /root/.handle/root_info
"2019/05/17 07:34:15 UTC" 75 class net.handle.server.HdlHttpRequestHandler: Exception processing request: HandleException (MESSAGE_FORMAT_ERROR) Unexpected end of headers
"2019/05/18 09:16:11 UTC" 75 class net.handle.server.HdlHttpRequestHandler: Exception processing request: java.net.SocketException: Connection reset
Saving global values to: /root/.handle/root_info
Saving global values to: /root/.handle/root_info
Saving global values to: /root/.handle/root_info
Saving global values to: /root/.handle/root_info
Saving global values to: /root/.handle/root_info
"2019/05/23 05:26:24 UTC" 75 class net.handle.server.HdlHttpRequestHandler: Exception processing request: HandleException (MESSAGE_FORMAT_ERROR) Unexpected end of headers
Saving global values to: /root/.handle/root_info
Saving global values to: /root/.handle/root_info
"2019/05/25 05:01:58 UTC" 75 class net.handle.server.HdlHttpRequestHandler: Exception processing request: HandleException (MESSAGE_FORMAT_ERROR) Unexpected end of headers
"2019/05/25 05:02:28 UTC" 75 class net.handle.server.HdlHttpRequestHandler: Exception processing request: HandleException (MESSAGE_FORMAT_ERROR) Unexpected end of headers
"2019/05/25 06:43:51 UTC" 75 class net.handle.server.HdlHttpRequestHandler: Exception processing request: java.net.SocketException: Connection reset
Saving global values to: /root/.handle/root_info
Saving global values to: /root/.handle/root_info
Saving global values to: /root/.handle/root_info
Saving global values to: /root/.handle/root_info
"2019/05/29 08:09:08 UTC" 75 class net.handle.server.HdlHttpRequestHandler: Exception processing request: java.net.SocketException: Connection reset
Saving global values to: /root/.handle/root_info
"2019/05/29 10:42:29 UTC" 75 class net.handle.server.HdlHttpRequestHandler: Exception processing request: java.net.SocketException: Connection reset
"2019/05/29 11:14:00 UTC" 75 class net.handle.server.HdlHttpRequestHandler: Exception processing request: java.net.SocketException: Connection reset
Saving global values to: /root/.handle/root_info
Saving global values to: /root/.handle/root_info
Saving global values to: /root/.handle/root_info
Saving global values to: /root/.handle/root_info
"2019/06/02 08:12:03 UTC" 75 class net.handle.server.HdlHttpRequestHandler: Exception processing request: java.net.SocketException: Connection reset
Saving global values to: /root/.handle/root_info
Saving global values to: /root/.handle/root_info
"2019/06/05 02:22:29 UTC" 75 class net.handle.server.HdlHttpRequestHandler: Exception processing request: HandleException (MESSAGE_FORMAT_ERROR) Unexpected end of headers
"2019/06/05 10:29:44 UTC" 75 class net.handle.server.HdlHttpRequestHandler: Exception processing request: java.net.SocketException: Connection reset
Saving global values to: /root/.handle/root_info
Saving global values to: /root/.handle/root_info
"2019/06/07 12:03:20 UTC" 75 class net.handle.server.HdlHttpRequestHandler: Exception processing request: java.net.SocketException: Connection reset
"2019/06/07 12:03:33 UTC" 75 class net.handle.server.HdlHttpRequestHandler: Exception processing request: java.net.SocketException: Connection reset
"2019/06/07 08:38:26 UTC" 75 class net.handle.server.HdlHttpRequestHandler: Exception processing request: HandleException (MESSAGE_FORMAT_ERROR) Unexpected end of headers
Saving global values to: /root/.handle/root_info
Saving global values to: /root/.handle/root_info
"2019/06/09 09:57:09 UTC" 75 class net.handle.server.HdlHttpRequestHandler: Exception processing request: HandleException (MESSAGE_FORMAT_ERROR) Unexpected end of headers
Saving global values to: /root/.handle/root_info
"2019/06/09 06:26:25 UTC" 75 class net.handle.server.HdlHttpRequestHandler: Exception processing request: HandleException (MESSAGE_FORMAT_ERROR) Unexpected end of headers
"2019/06/10 12:32:05 UTC" 75 class net.handle.server.HdlHttpRequestHandler: Exception processing request: java.net.SocketException: Connection reset
"2019/06/10 12:32:20 UTC" 75 class net.handle.server.HdlHttpRequestHandler: Exception processing request: java.net.SocketException: Connection reset
Saving global values to: /root/.handle/root_info
"2019/06/10 11:48:22 UTC" 75 class net.handle.server.HdlHttpRequestHandler: Exception processing request: java.net.SocketException: Connection reset
"2019/06/11 07:07:22 UTC" 75 class net.handle.server.HdlHttpRequestHandler: Exception processing request: java.net.SocketException: Connection reset
"2019/06/11 07:07:37 UTC" 75 class net.handle.server.HdlHttpRequestHandler: Exception processing request: java.net.SocketException: Connection reset
Saving global values to: /root/.handle/root_info
"2019/06/12 02:03:55 UTC" 75 class net.handle.server.HdlHttpRequestHandler: Exception processing request: java.net.SocketException: Connection reset
Saving global values to: /root/.handle/root_info
Saving global values to: /root/.handle/root_info
Saving global values to: /root/.handle/root_info
Saving global values to: /root/.handle/root_info
Saving global values to: /root/.handle/root_info
"2019/06/17 12:52:21 UTC" 75 class net.handle.server.HdlHttpRequestHandler: Exception processing request: java.net.SocketException: Connection reset
"2019/06/17 03:13:58 UTC" 75 class net.handle.server.HdlHttpRequestHandler: Exception processing request: HandleException (MESSAGE_FORMAT_ERROR) Unexpected end of headers
"2019/06/17 03:14:02 UTC" 75 class net.handle.server.HdlHttpRequestHandler: Exception processing request: java.net.SocketException: Connection reset
Saving global values to: /root/.handle/root_info
unknown uri delimiter: ^
unknown uri delimiter: ^
Saving global values to: /root/.handle/root_info
Saving global values to: /root/.handle/root_info
unknown uri delimiter: ^
unknown uri delimiter: ^
"2019/06/20 11:42:28 UTC" 75 class net.handle.server.HdlHttpRequestHandler: Exception processing request: java.net.SocketException: Connection reset
"2019/06/20 01:39:25 UTC" 75 class net.handle.server.HdlHttpRequestHandler: Exception processing request: HandleException (MESSAGE_FORMAT_ERROR) Unexpected end of headers
Saving global values to: /root/.handle/root_info
"2019/06/20 08:09:56 UTC" 75 class net.handle.server.HdlHttpRequestHandler: Exception processing request: java.net.SocketException: Connection reset
Saving global values to: /root/.handle/root_info
"2019/06/21 11:58:14 UTC" 75 class net.handle.server.HdlHttpRequestHandler: Exception processing request: java.net.SocketException: Connection reset
"2019/06/22 01:18:01 UTC" 75 class net.handle.server.HdlHttpRequestHandler: Exception processing request: java.net.SocketException: Connection reset
"2019/06/22 01:55:01 UTC" 75 class net.handle.server.HdlHttpRequestHandler: Exception processing request: java.net.SocketException: Connection reset
"2019/06/22 07:55:15 UTC" 75 class net.handle.server.HdlHttpRequestHandler: Exception processing request: java.net.SocketException: Connection reset
"2019/06/22 12:36:24 UTC" 75 class net.handle.server.HdlHttpRequestHandler: Exception processing request: java.net.SocketException: Connection reset
Saving global values to: /root/.handle/root_info
"2019/06/23 01:35:09 UTC" 75 class net.handle.server.HdlHttpRequestHandler: Exception processing request: java.net.SocketException: Connection reset
Saving global values to: /root/.handle/root_info
Saving global values to: /root/.handle/root_info
"2019/06/24 09:49:09 UTC" 75 class net.handle.server.HdlHttpRequestHandler: Exception processing request: java.net.SocketException: Connection reset
"2019/06/24 10:58:26 UTC" 75 class net.handle.server.HdlHttpRequestHandler: Exception processing request: java.net.SocketException: Connection reset
"2019/06/25 05:02:23 UTC" 75 class net.handle.server.HdlHttpRequestHandler: Exception processing request: HandleException (MESSAGE_FORMAT_ERROR) Unexpected end of headers
Saving global values to: /root/.handle/root_info
"2019/06/26 04:26:38 UTC" 75 class net.handle.server.HdlHttpRequestHandler: Exception processing request: java.net.SocketException: Connection reset
Saving global values to: /root/.handle/root_info
"2019/06/27 12:26:19 UTC" 75 class net.handle.server.HdlHttpRequestHandler: Exception processing request: java.net.SocketException: Connection reset
Saving global values to: /root/.handle/root_info
"2019/06/27 07:51:49 UTC" 75 class net.handle.server.HdlHttpRequestHandler: Exception processing request: java.net.SocketException: Connection reset
"2019/06/28 02:08:38 UTC" 75 class net.handle.server.HdlHttpRequestHandler: Exception processing request: HandleException (MESSAGE_FORMAT_ERROR) Unexpected end of headers
"2019/06/28 08:25:16 UTC" 75 class net.handle.server.HdlHttpRequestHandler: Exception processing request: HandleException (MESSAGE_FORMAT_ERROR) Unexpected end of headers
"2019/06/28 09:40:46 UTC" 75 class net.handle.server.HdlHttpRequestHandler: Exception processing request: java.net.SocketException: Connection reset
Saving global values to: /root/.handle/root_info
"2019/06/28 11:35:38 UTC" 75 class net.handle.server.HdlHttpRequestHandler: Exception processing request: java.net.SocketException: Connection reset
"2019/06/29 06:17:16 UTC" 75 class net.handle.server.HdlHttpRequestHandler: Exception processing request: java.net.SocketException: Connection reset
Saving global values to: /root/.handle/root_info
"2019/06/30 01:33:22 UTC" 75 class net.handle.server.HdlHttpRequestHandler: Exception processing request: java.net.SocketException: Connection reset
"2019/06/30 03:54:52 UTC" 75 class net.handle.server.HdlHttpRequestHandler: Exception processing request: HandleException (MESSAGE_FORMAT_ERROR) Unexpected end of headers
Saving global values to: /root/.handle/root_info
Saving global values to: /root/.handle/root_info
Saving global values to: /root/.handle/root_info
Saving global values to: /root/.handle/root_info
"2019/07/04 01:20:37 UTC" 75 class net.handle.server.HdlHttpRequestHandler: Exception processing request: java.net.SocketException: Connection reset
"2019/07/04 03:06:42 UTC" 75 class net.handle.server.HdlHttpRequestHandler: Exception processing request: java.net.SocketException: Connection reset
"2019/07/04 03:07:10 UTC" 75 class net.handle.server.HdlHttpRequestHandler: Exception processing request: java.net.SocketException: Connection reset
Saving global values to: /root/.handle/root_info
Saving global values to: /root/.handle/root_info
"2019/07/05 11:00:03 UTC" 75 class net.handle.server.HdlHttpRequestHandler: Exception processing request: java.net.SocketException: Connection reset
Saving global values to: /root/.handle/root_info
"2019/07/07 07:23:51 UTC" 75 class net.handle.server.HdlHttpRequestHandler: Exception processing request: java.net.SocketException: Connection reset
"2019/07/07 12:05:06 UTC" 75 class net.handle.server.HdlHttpRequestHandler: Exception processing request: HandleException (MESSAGE_FORMAT_ERROR) Unexpected end of headers
Saving global values to: /root/.handle/root_info
"2019/07/07 05:54:22 UTC" 75 class net.handle.server.HdlHttpRequestHandler: Exception processing request: HandleException (MESSAGE_FORMAT_ERROR) Unexpected end of headers
"2019/07/07 05:54:38 UTC" 75 class net.handle.server.HdlHttpRequestHandler: Exception processing request: HandleException (MESSAGE_FORMAT_ERROR) Unexpected end of headers
"2019/07/07 05:54:43 UTC" 75 class net.handle.server.HdlHttpRequestHandler: Exception processing request: HandleException (MESSAGE_FORMAT_ERROR) Unexpected end of headers
"2019/07/08 12:49:08 UTC" 75 class net.handle.server.HdlHttpRequestHandler: Exception processing request: java.net.SocketException: Connection reset
Saving global values to: /root/.handle/root_info
"2019/07/08 04:51:37 UTC" 75 class net.handle.server.HdlHttpRequestHandler: Exception processing request: java.net.SocketException: Connection reset
"2019/07/09 11:31:41 UTC" 75 class net.handle.server.HdlHttpRequestHandler: Exception processing request: java.net.SocketException: Connection reset
Saving global values to: /root/.handle/root_info
"2019/07/09 10:14:00 UTC" 75 class net.handle.server.HdlHttpRequestHandler: Exception processing request: HandleException (MESSAGE_FORMAT_ERROR) Unexpected end of headers
"2019/07/10 08:10:38 UTC" 75 class net.handle.server.HdlHttpRequestHandler: Exception processing request: java.net.SocketException: Connection reset
"2019/07/10 08:50:58 UTC" 75 class net.handle.server.HdlHttpRequestHandler: Exception processing request: java.net.SocketException: Connection reset
Saving global values to: /root/.handle/root_info
"2019/07/10 08:46:03 UTC" 75 class net.handle.server.HdlHttpRequestHandler: Exception processing request: HandleException (MESSAGE_FORMAT_ERROR) Unexpected end of headers
"2019/07/11 11:38:42 UTC" 75 class net.handle.server.HdlHttpRequestHandler: Exception processing request: HandleException (MESSAGE_FORMAT_ERROR) Unexpected end of headers
Saving global values to: /root/.handle/root_info
Saving global values to: /root/.handle/root_info
Saving global values to: /root/.handle/root_info
Saving global values to: /root/.handle/root_info
"2019/07/15 12:03:25 UTC" 75 class net.handle.server.HdlHttpRequestHandler: Exception processing request: HandleException (MESSAGE_FORMAT_ERROR) Unexpected end of headers
"2019/07/15 02:42:01 UTC" 75 class net.handle.server.HdlHttpRequestHandler: Exception processing request: HandleException (MESSAGE_FORMAT_ERROR) Unexpected end of headers
Saving global values to: /root/.handle/root_info
Saving global values to: /root/.handle/root_info
Saving global values to: /root/.handle/root_info
Saving global values to: /root/.handle/root_info
"2019/07/19 03:08:20 UTC" 75 class net.handle.server.HdlHttpRequestHandler: Exception processing request: java.net.SocketException: Connection reset
Saving global values to: /root/.handle/root_info
"2019/07/20 12:58:47 UTC" 75 class net.handle.server.HdlHttpRequestHandler: Exception processing request: java.net.SocketException: Connection reset
"2019/07/20 02:24:26 UTC" 75 class net.handle.server.HdlHttpRequestHandler: Exception processing request: java.net.SocketException: Connection reset
Saving global values to: /root/.handle/root_info
Saving global values to: /root/.handle/root_info
"2019/07/22 01:00:06 UTC" 75 class net.handle.server.HdlHttpRequestHandler: Exception processing request: HandleException (MESSAGE_FORMAT_ERROR) Unexpected end of headers
Saving global values to: /root/.handle/root_info
Saving global values to: /root/.handle/root_info
"2019/07/24 03:55:17 UTC" 75 class net.handle.server.HdlHttpRequestHandler: Exception processing request: java.net.SocketException: Connection reset
Saving global values to: /root/.handle/root_info
Saving global values to: /root/.handle/root_info
Saving global values to: /root/.handle/root_info
"2019/07/26 04:42:36 UTC" 75 class net.handle.server.HdlHttpRequestHandler: Exception processing request: java.net.SocketException: Connection reset
"2019/07/26 10:23:39 UTC" 75 class net.handle.server.HdlHttpRequestHandler: Exception processing request: java.net.SocketException: Connection reset
"2019/07/26 10:23:54 UTC" 75 class net.handle.server.HdlHttpRequestHandler: Exception processing request: java.net.SocketException: Connection reset
Saving global values to: /root/.handle/root_info
Saving global values to: /root/.handle/root_info
"2019/07/28 08:44:30 UTC" 75 class net.handle.server.HdlHttpRequestHandler: Exception processing request: HandleException (MESSAGE_FORMAT_ERROR) Unexpected end of headers
"2019/07/28 08:44:45 UTC" 75 class net.handle.server.HdlHttpRequestHandler: Exception processing request: HandleException (MESSAGE_FORMAT_ERROR) Unexpected end of headers
"2019/07/28 08:44:50 UTC" 75 class net.handle.server.HdlHttpRequestHandler: Exception processing request: HandleException (MESSAGE_FORMAT_ERROR) Unexpected end of headers
"2019/07/28 09:48:34 UTC" 75 class net.handle.server.HdlHttpRequestHandler: Exception processing request: HandleException (MESSAGE_FORMAT_ERROR) Unexpected end of headers
